2009-01-27 14:27:58,501 INFO  [main] org.caisi.persistence.base.LoggerAspect     - AJ: Executing public abstract java.lang.Object org.caisi.persistence.base.GenericDao.save(java.lang.Object)  with 'lastName:Segal22##firstName:eric##sex:M##'
2009-01-27 14:27:58,530 INFO  [main] org.caisi.persistence.base.LoggerAspect     - AJ: Executing public abstract java.lang.Object org.caisi.persistence.base.GenericDao.save(java.lang.Object)  with 'lastName:Segal22##firstName:eric##sex:M##'
2009-01-27 14:27:58,825 INFO  [main] org.caisi.persistence.base.LoggerAspect     - AJ: Executing public abstract java.lang.Integer org.caisi.persistence.base.GenericDao.getSearchByExampleCount(java.lang.Object,java.util.List)  with 'hcType:ON##;null'
2009-01-27 14:27:58,827 INFO  [main] org.caisi.persistence.base.LoggerAspect     - AJ: Executing public abstract java.lang.Integer org.caisi.persistence.base.GenericDao.getSearchByExampleCount(java.lang.Object,java.util.List)  with 'hcType:ON##;null'
2009-01-27 14:27:58,928 DEBUG [main] org.caisi.persistence.base.GenericDaoImpl     - result count is 11
2009-01-27 14:27:58,961 INFO  [main] org.caisi.persistence.base.LoggerAspect     - AJ: Executing public org.caisi.sessionbeans.DemographicSessionBean org.caisi.sessionbeans.ServiceFacade.getDemographicSessionBean()  with ''
2009-01-27 14:27:59,025 INFO  [main] org.caisi.persistence.base.LoggerAspect     - AJ: Executing public abstract java.lang.Object org.caisi.persistence.base.GenericDao.save(java.lang.Object)  with 'lastName:access##firstName:test##sex:M##'
2009-01-27 14:27:59,092 INFO  [main] org.caisi.persistence.base.LoggerAspect     - AJ: Executing public abstract java.lang.Object org.caisi.persistence.base.GenericDao.save(java.lang.Object)  with 'lastName:Segal22##firstName:eric##city:ajax##sex:M##'
2009-01-27 14:27:59,108 INFO  [main] org.caisi.persistence.base.LoggerAspect     - AJ: Executing public abstract java.lang.Object org.caisi.persistence.base.GenericDao.save(java.lang.Object)  with 'lastName:Segal22##firstName:eric##city:ajax##sex:M##'
2009-01-27 14:27:59,135 INFO  [main] org.caisi.persistence.base.LoggerAspect     - AJ: Executing public abstract java.lang.Object org.caisi.persistence.base.GenericDao.load(java.lang.Integer)  with '235'
2009-01-27 14:27:59,136 INFO  [main] org.caisi.persistence.base.LoggerAspect     - AJ: Executing public abstract java.lang.Object org.caisi.persistence.base.GenericDao.load(java.lang.Integer)  with '235'
2009-01-27 14:27:59,153 INFO  [main] org.caisi.persistence.base.LoggerAspect     - AJ: Executing public abstract java.lang.Object org.caisi.persistence.base.GenericDao.save(java.lang.Object)  with 'lastName:Segal22##sex:M##'
2009-01-27 14:27:59,155 INFO  [main] org.caisi.persistence.base.LoggerAspect     - AJ: Executing public abstract java.lang.Object org.caisi.persistence.base.GenericDao.save(java.lang.Object)  with 'lastName:Segal22##sex:M##'
ng default rollback [true] for test [testSaveWithoutPrevilige].
2009-01-27 14:27:59,082 DEBUG [main]          org.caisi.DemographicDaoTest     - Rolled back transaction after execution of test [testSaveWithoutPrevilige].
2009-01-27 14:27:59,089 DEBUG [main]          org.caisi.DemographicDaoTest     - No method-level @Rollback override: using default rollback [true] for test [testLoadWithoutPrevilige].
2009-01-27 14:27:59,090 DEBUG [main]          org.caisi.DemographicDaoTest     - No method-level @Rollback override: using default rollback [true] for test [testLoadWithoutPrevilige].
2009-01-27 14:27:59,091 DEBUG [main]          org.caisi.DemographicDaoTest     - No method-level @Rollback override: using default rollback [true] for test [testLoadWithoutPrevilige].
2009-01-27 14:27:59,091 DEBUG [main]          org.caisi.DemographicDaoTest     - Began transaction (1): transaction manager [org.springframework.orm.jpa.JpaTransactionManager@e637f0]; rollback [true].
2009-01-27 14:27:59,140 DEBUG [main]          org.caisi.DemographicDaoTest     - No method-level @Rollback override: using default rollback [true] for test [testLoadWithoutPrevilige].
2009-01-27 14:27:59,144 DEBUG [main]          org.caisi.DemographicDaoTest     - Rolled back transaction after execution of test [testLoadWithoutPrevilige].
2009-01-27 14:27:59,149 DEBUG [main]          org.caisi.DemographicDaoTest     - No method-level @Rollback override: using default rollback [true] for test [testSaveWithNullValues].
2009-01-27 14:27:59,150 DEBUG [main]          org.caisi.DemographicDaoTest     - No method-level @Rollback override: using default rollback [true] for test [testSaveWithNullValues].
2009-01-27 14:27:59,151 DEBUG [main]          org.caisi.DemographicDaoTest     - No method-level @Rollback override: using default rollback [true] for test [testSaveWithNullValues].
2009-01-27 14:27:59,151 DEBUG [main]          org.caisi.DemographicDaoTest     - Began transaction (1): transaction manager [org.springframework.orm.jpa.JpaTransactionManager@e637f0]; rollback [true].
2009-01-27 14:27:59,178 DEBUG [main]          org.caisi.DemographicDaoTest     - No method-level @Rollback override: using default rollback [true] for test [testSaveWithNullValues].
2009-01-27 14:27:59,179 DEBUG [main]          org.caisi.DemographicDaoTest     - Rolled back transaction after execution of test [testSaveWithNullValues].
2009-01-27 14:34:02,080 DEBUG [main]          org.caisi.DemographicDaoTest     - No method-level @Rollback override: using default rollback [true] for test [testSave].
2009-01-27 14:34:02,123 DEBUG [main]          org.caisi.DemographicDaoTest     - No method-level @Rollback override: using default rollback [true] for test [testSave].
2009-01-27 14:34:02,141 DEBUG [main]          org.caisi.DemographicDaoTest     - No method-level @Rollback override: using default rollback [true] for test [testSave].
2009-01-27 14:34:02,141 DEBUG [main]          org.caisi.DemographicDaoTest     - Began transaction (1): transaction manager [org.springframework.orm.jpa.JpaTransactionManager@baa573]; rollback [true].
2009-01-27 14:34:02,391 INFO  [main] org.caisi.persistence.base.LoggerAspect     - AJ: Executing public abstract java.lang.Object org.caisi.persistence.base.GenericDao.save(java.lang.Object)  with 'lastName:Segal22##firstName:eric##sex:M##'
2009-01-27 14:34:02,414 INFO  [main] org.caisi.persistence.base.LoggerAspect     - AJ: Executing public abstract java.lang.Object org.caisi.persistence.base.GenericDao.save(java.lang.Object)  with 'lastName:Segal22##firstName:eric##sex:M##'
2009-01-27 14:34:02,589 DEBUG [main]          org.caisi.DemographicDaoTest     - No method-level @Rollback override: using default rollback [true] for test [testSave].
2009-01-27 14:34:02,599 DEBUG [main]          org.caisi.DemographicDaoTest     - Rolled back transaction after execution of test [testSave].
2009-01-27 14:34:02,608 DEBUG [main]          org.caisi.DemographicDaoTest     - No method-level @Rollback override: using default rollback [true] for test [testSearch].
2009-01-27 14:34:02,614 DEBUG [main]          org.caisi.DemographicDaoTest     - No method-level @Rollback override: using default rollback [true] for test [testSearch].
2009-01-27 14:34:02,614 DEBUG [main]          org.caisi.DemographicDaoTest     - No method-level @Rollback override: using default rollback [true] for test [testSearch].
2009-01-27 14:34:02,614 DEBUG [main]          org.caisi.DemographicDaoTest     - Began transaction (1): transaction manager [org.springframework.orm.jpa.JpaTransactionManager@baa573]; rollback [true].
2009-01-27 14:34:02,618 INFO  [main] org.caisi.persistence.base.LoggerAspect     - AJ: Executing public abstract java.lang.Integer org.caisi.persistence.base.GenericDao.getSearchByExampleCount(java.lang.Object,java.util.List)  with 'hcType:ON##;null'
2009-01-27 14:34:02,621 INFO  [main] org.caisi.persistence.base.LoggerAspect     - AJ: Executing public abstract java.lang.Integer org.caisi.persistence.base.GenericDao.getSearchByExampleCount(java.lang.Object,java.util.List)  with 'hcType:ON##;null'
2009-01-27 14:34:02,781 DEBUG [main] org.caisi.persistence.base.GenericDaoImpl     - result count is 11
2009-01-27 14:34:02,785 DEBUG [main]          org.caisi.DemographicDaoTest     - No method-level @Rollback override: using default rollback [true] for test [testSearch].
2009-01-27 14:34:02,786 DEBUG [main]          org.caisi.DemographicDaoTest     - Rolled back transaction after execution of test [testSearch].
2009-01-27 14:34:02,800 DEBUG [main]          org.caisi.DemographicDaoTest     - No method-level @Rollback override: using default rollback [true] for test [testSaveWithoutPrevilige].
2009-01-27 14:34:02,826 DEBUG [main]          org.caisi.DemographicDaoTest     - No method-level @Rollback override: using default rollback [true] for test [testSaveWithoutPrevilige].
2009-01-27 14:34:02,828 DEBUG [main]          org.caisi.DemographicDaoTest     - No method-level @Rollback override: using default rollback [true] for test [testSaveWithoutPrevilige].
2009-01-27 14:34:02,828 DEBUG [main]          org.caisi.DemographicDaoTest     - Began transaction (1): transaction manager [org.springframework.orm.jpa.JpaTransactionManager@baa573]; rollback [true].
2009-01-27 14:34:02,830 INFO  [main] org.caisi.persistence.base.LoggerAspect     - AJ: Executing public org.caisi.sessionbeans.DemographicSessionBean org.caisi.sessionbeans.ServiceFacade.getDemographicSessionBean()  with ''
2009-01-27 14:34:02,903 INFO  [main] org.caisi.persistence.base.LoggerAspect     - AJ: Executing public abstract java.lang.Object org.caisi.persistence.base.GenericDao.save(java.lang.Object)  with 'lastName:access##firstName:test##sex:M##'
2009-01-27 14:34:02,909 DEBUG [main]          org.caisi.DemographicDaoTest     - No method-level @Rollback override: using default rollback [true] for test [testSaveWithoutPrevilige].
2009-01-27 14:34:02,911 DEBUG [main]          org.caisi.DemographicDaoTest     - Rolled back transaction after execution of test [testSaveWithoutPrevilige].
2009-01-27 14:34:02,918 DEBUG [main]          org.caisi.DemographicDaoTest     - No method-level @Rollback override: using default rollback [true] for test [testLoadWithoutPrevilige].
2009-01-27 14:34:02,920 DEBUG [main]          org.caisi.DemographicDaoTest     - No method-level @Rollback override: using default rollback [true] for test [testLoadWithoutPrevilige].
2009-01-27 14:34:02,920 DEBUG [main]          org.caisi.DemographicDaoTest     - No method-level @Rollback override: using default rollback [true] for test [testLoadWithoutPrevilige].
2009-01-27 14:34:02,920 DEBUG [main]          org.caisi.DemographicDaoTest     - Began transaction (1): transaction manager [org.springframework.orm.jpa.JpaTransactionManager@baa573]; rollback [true].
2009-01-27 14:34:02,922 INFO  [main] org.caisi.persistence.base.LoggerAspect     - AJ: Executing public abstract java.lang.Object org.caisi.persistence.base.GenericDao.save(java.lang.Object)  with 'lastName:Segal22##firstName:eric##city:ajax##sex:M##'
2009-01-27 14:34:02,939 INFO  [main] org.caisi.persistence.base.LoggerAspect     - AJ: Executing public abstract java.lang.Object org.caisi.persistence.base.GenericDao.save(java.lang.Object)  with 'lastName:Segal22##firstName:eric##city:ajax##sex:M##'
2009-01-27 14:34:03,005 INFO  [main] org.caisi.persistence.base.LoggerAspect     - AJ: Executing public abstract java.lang.Object org.caisi.persistence.base.GenericDao.load(java.lang.Integer)  with '237'
2009-01-27 14:34:03,006 INFO  [main] org.caisi.persistence.base.LoggerAspect     - AJ: Executing public abstract java.lang.Object org.caisi.persistence.base.GenericDao.load(java.lang.Integer)  with '237'
2009-01-27 14:34:03,010 DEBUG [main]          org.caisi.DemographicDaoTest     - No method-level @Rollback override: using default rollback [true] for test [testLoadWithoutPrevilige].
2009-01-27 14:34:03,012 DEBUG [main]          org.caisi.DemographicDaoTest     - Rolled back transaction after execution of test [testLoadWithoutPrevilige].
2009-01-27 14:34:03,016 DEBUG [main]          org.caisi.DemographicDaoTest     - No method-level @Rollback override: using default rollback [true] for test [testSaveWithNullValues].
2009-01-27 14:34:03,017 DEBUG [main]          org.caisi.DemographicDaoTest     - No method-level @Rollback override: using default rollback [true] for test [testSaveWithNullValues].
2009-01-27 14:34:03,018 DEBUG [main]          org.caisi.DemographicDaoTest     - No method-level @Rollback override: using default rollback [true] for test [testSaveWithNullValues].
2009-01-27 14:34:03,018 DEBUG [main]          org.caisi.DemographicDaoTest     - Began transaction (1): transaction manager [org.springframework.orm.jpa.JpaTransactionManager@baa573]; rollback [true].
2009-01-27 14:34:03,019 INFO  [main] org.caisi.persistence.base.LoggerAspect     - AJ: Executing public abstract java.lang.Object org.caisi.persistence.base.GenericDao.save(java.lang.Object)  with 'lastName:Segal22##sex:M##'
2009-01-27 14:34:03,021 INFO  [main] org.caisi.persistence.base.LoggerAspect     - AJ: Executing public abstract java.lang.Object org.caisi.persistence.base.GenericDao.save(java.lang.Object)  with 'lastName:Segal22##sex:M##'
2009-01-27 14:34:03,040 DEBUG [main]          org.caisi.DemographicDaoTest     - No method-level @Rollback override: using default rollback [true] for test [testSaveWithNullValues].
2009-01-27 14:34:03,041 DEBUG [main]          org.caisi.DemographicDaoTest     - Rolled back transaction after execution of test [testSaveWithNullValues].
